<?xml version="1.0" encoding="UTF-8"?>
<!-- Generated by org.testng.reporters.JUnitReportReporter -->
<testsuite hostname="vidnrvkina6" failures="0" tests="1" name="com.example.selenideFw.contracts.AddContractTest" time="31.312" errors="0" timestamp="2021-07-18T22:52:15 IST" skipped="0">
  <testcase classname="com.example.selenideFw.contracts.AddContractTest" name="validateErrorMessageForTwoContractsConfiguredInSameYear" time="31.312"/>
  <system-out/>
</testsuite> <!-- com.example.selenideFw.contracts.AddContractTest -->
