<?xml version="1.0" encoding="UTF-8"?>
<!-- Generated by org.testng.reporters.JUnitReportReporter -->
<testsuite hostname="vidnrvkina6" failures="0" tests="3" name="com.example.selenideFw.accounts.ProfileManagementTest" time="20.081" errors="0" timestamp="2021-06-15T18:46:05 IST" skipped="0">
  <testcase classname="com.example.selenideFw.accounts.ProfileManagementTest" name="testGridSortByHighToLowOrder" time="6.025"/>
  <system-out/>
  <testcase classname="com.example.selenideFw.accounts.ProfileManagementTest" name="testGridByLowToHighOrder" time="5.636"/>
  <system-out/>
  <testcase classname="com.example.selenideFw.accounts.ProfileManagementTest" name="testGridSortingOrderWithProfileType" time="8.420"/>
  <system-out/>
</testsuite> <!-- com.example.selenideFw.accounts.ProfileManagementTest -->
